<?xml version="1.0" encoding="UTF-8"?>
<!-- Generated by org.testng.reporters.JUnitXMLReporter -->
<testsuite ignored="0" hostname="IN-PG0352AV" failures="1" tests="1" name="ProductQuantityTest" time="0.043" errors="0" timestamp="02 May 2024 11:26:43 GMT">
  <testcase classname="tests.ProductQuantityTest" name="AddToCarttest" time="0.0">
    <failure type="org.testng.TestNGException" message="
Method public void tests.ProductQuantityTest.AddToCarttest(java.lang.String) throws java.io.FileNotFoundException,java.io.IOException,java.lang.InterruptedException requires a @DataProvider named : getProductQuantity(">
      <![CDATA[org.testng.TestNGException: 
Method public void tests.ProductQuantityTest.AddToCarttest(java.lang.String) throws java.io.FileNotFoundException,java.io.IOException,java.lang.InterruptedException requires a @DataProvider named : getProductQuantity(
	at java.base/java.util.concurrent.FutureTask.run(FutureTask.java:264)
	at java.base/java.util.concurrent.ThreadPoolExecutor.runWorker(ThreadPoolExecutor.java:1136)
	at java.base/java.util.concurrent.ThreadPoolExecutor$Worker.run(ThreadPoolExecutor.java:635)
	at java.base/java.lang.Thread.run(Thread.java:840)
... Removed 13 stack frames]]>
    </failure>
  </testcase> <!-- AddToCarttest -->
</testsuite> <!-- ProductQuantityTest -->
