<?xml version="1.0" encoding="UTF-8"?>
<testng-results ignored="0" total="1" passed="1" failed="0" skipped="0">
  <reporter-output>
  </reporter-output>
  <suite started-at="2024-05-07T11:12:30Z" name="Default suite" finished-at="2024-05-07T11:12:51Z" duration-ms="20768">
    <groups>
    </groups>
    <test started-at="2024-05-07T11:12:30Z" name="Default test" finished-at="2024-05-07T11:12:51Z" duration-ms="20768">
      <class name="tests.SearchTest">
        <test-method is-config="true" signature="openApplication()[pri:0, instance:tests.SearchTest@7582ff54]" started-at="2024-05-07T16:42:30Z" name="openApplication" finished-at="2024-05-07T16:42:43Z" duration-ms="13025" status="PASS">
          <reporter-output>
          </reporter-output>
        </test-method> <!-- openApplication -->
        <test-method signature="Searchfeature(java.lang.String)[pri:0, instance:tests.SearchTest@7582ff54]" started-at="2024-05-07T16:42:43Z" name="Searchfeature" data-provider="getData" finished-at="2024-05-07T16:42:50Z" duration-ms="6878" status="PASS">
          <params>
            <param index="0">
              <value>
                <![CDATA[Laptop]]>
              </value>
            </param>
          </params>
          <reporter-output>
          </reporter-output>
        </test-method> <!-- Searchfeature -->
        <test-method is-config="true" signature="closure()[pri:0, instance:tests.SearchTest@7582ff54]" started-at="2024-05-07T16:42:50Z" name="closure" finished-at="2024-05-07T16:42:51Z" duration-ms="813" status="PASS">
          <reporter-output>
          </reporter-output>
        </test-method> <!-- closure -->
      </class> <!-- tests.SearchTest -->
    </test> <!-- Default test -->
  </suite> <!-- Default suite -->
</testng-results>
